<?xml version="1.0" encoding="UTF-8"?>
<!-- Generated by org.testng.reporters.JUnitXMLReporter -->
<testsuite hostname="GO-LNX-KRISHANG" ignored="0" name="Default test" tests="7" failures="0" timestamp="2023-01-23T03:28:15 IST" time="29.793" errors="0">
  <testcase name="validateCurrentAge" time="1.756" classname="org.testing.TestScripts.RcSocialSecurityNo"/>
  <testcase name="validateRetirementAge" time="0.366" classname="org.testing.TestScripts.RcSocialSecurityNo"/>
  <testcase name="validateCurrentIncome" time="0.648" classname="org.testing.TestScripts.RcSocialSecurityNo"/>
  <testcase name="validateCToSavingTxtBox" time="0.346" classname="org.testing.TestScripts.RcSocialSecurityNo"/>
  <testcase name="validateCurrentlySavingTxtBox" time="0.271" classname="org.testing.TestScripts.RcSocialSecurityNo"/>
  <testcase name="validateIncreaseSavingRateTxtBox" time="0.327" classname="org.testing.TestScripts.RcSocialSecurityNo"/>
  <testcase name="validateCalculateButton" time="2.213" classname="org.testing.TestScripts.RcSocialSecurityNo"/>
</testsuite> <!-- Default test -->
