<?xml version="1.0" encoding="UTF-8"?>
<testng-results ignored="0" total="22" passed="22" failed="0" skipped="0">
  <reporter-output>
  </reporter-output>
  <suite started-at="2023-01-23T16:05:20 IST" name="Default suite" finished-at="2023-01-23T16:06:01 IST" duration-ms="40831">
    <groups>
      <group name="Functional">
        <method signature="RcUpdateDefalutCalculatorValueTestScript.validateAdjustDefaultValue()[pri:14, instance:org.testing.TestScripts.RcUpdateDefalutCalculatorValueTestScript@6fd83fc1]" name="validateAdjustDefaultValue" class="org.testing.TestScripts.RcUpdateDefalutCalculatorValueTestScript"/>
        <method signature="RcUpdateDefalutCalculatorValueTestScript.validateCToSavingTxtBox()[pri:6, instance:org.testing.TestScripts.RcUpdateDefalutCalculatorValueTestScript@6fd83fc1]" name="validateCToSavingTxtBox" class="org.testing.TestScripts.RcUpdateDefalutCalculatorValueTestScript"/>
        <method signature="RcUpdateDefalutCalculatorValueTestScript.validateCalculateButton()[pri:22, instance:org.testing.TestScripts.RcUpdateDefalutCalculatorValueTestScript@6fd83fc1]" name="validateCalculateButton" class="org.testing.TestScripts.RcUpdateDefalutCalculatorValueTestScript"/>
        <method signature="RcUpdateDefalutCalculatorValueTestScript.validateCurrentAge()[pri:2, instance:org.testing.TestScripts.RcUpdateDefalutCalculatorValueTestScript@6fd83fc1]" name="validateCurrentAge" class="org.testing.TestScripts.RcUpdateDefalutCalculatorValueTestScript"/>
        <method signature="RcUpdateDefalutCalculatorValueTestScript.validateCurrentAgeInputBoxIsDisplayed()[pri:1, instance:org.testing.TestScripts.RcUpdateDefalutCalculatorValueTestScript@6fd83fc1]" name="validateCurrentAgeInputBoxIsDisplayed" class="org.testing.TestScripts.RcUpdateDefalutCalculatorValueTestScript"/>
        <method signature="RcUpdateDefalutCalculatorValueTestScript.validateCurrentIncome()[pri:4, instance:org.testing.TestScripts.RcUpdateDefalutCalculatorValueTestScript@6fd83fc1]" name="validateCurrentIncome" class="org.testing.TestScripts.RcUpdateDefalutCalculatorValueTestScript"/>
        <method signature="RcUpdateDefalutCalculatorValueTestScript.validateCurrentlySavingTxtBox()[pri:7, instance:org.testing.TestScripts.RcUpdateDefalutCalculatorValueTestScript@6fd83fc1]" name="validateCurrentlySavingTxtBox" class="org.testing.TestScripts.RcUpdateDefalutCalculatorValueTestScript"/>
        <method signature="RcUpdateDefalutCalculatorValueTestScript.validateIncreaseSavingRateTxtBox()[pri:8, instance:org.testing.TestScripts.RcUpdateDefalutCalculatorValueTestScript@6fd83fc1]" name="validateIncreaseSavingRateTxtBox" class="org.testing.TestScripts.RcUpdateDefalutCalculatorValueTestScript"/>
        <method signature="RcUpdateDefalutCalculatorValueTestScript.validateMaritalStatusIsEnabled()[pri:10, instance:org.testing.TestScripts.RcUpdateDefalutCalculatorValueTestScript@6fd83fc1]" name="validateMaritalStatusIsEnabled" class="org.testing.TestScripts.RcUpdateDefalutCalculatorValueTestScript"/>
        <method signature="RcUpdateDefalutCalculatorValueTestScript.validateOtherIncomeTxtBox()[pri:15, instance:org.testing.TestScripts.RcUpdateDefalutCalculatorValueTestScript@6fd83fc1]" name="validateOtherIncomeTxtBox" class="org.testing.TestScripts.RcUpdateDefalutCalculatorValueTestScript"/>
        <method signature="RcUpdateDefalutCalculatorValueTestScript.validatePageTitleTest()[pri:13, instance:org.testing.TestScripts.RcUpdateDefalutCalculatorValueTestScript@6fd83fc1]" name="validatePageTitleTest" class="org.testing.TestScripts.RcUpdateDefalutCalculatorValueTestScript"/>
        <method signature="RcUpdateDefalutCalculatorValueTestScript.validatePostRetirementInflationButton()[pri:17, instance:org.testing.TestScripts.RcUpdateDefalutCalculatorValueTestScript@6fd83fc1]" name="validatePostRetirementInflationButton" class="org.testing.TestScripts.RcUpdateDefalutCalculatorValueTestScript"/>
        <method signature="RcUpdateDefalutCalculatorValueTestScript.validatePostRetirmentInvestmentReturnTxtBox()[pri:20, instance:org.testing.TestScripts.RcUpdateDefalutCalculatorValueTestScript@6fd83fc1]" name="validatePostRetirmentInvestmentReturnTxtBox" class="org.testing.TestScripts.RcUpdateDefalutCalculatorValueTestScript"/>
        <method signature="RcUpdateDefalutCalculatorValueTestScript.validatePreretirmentInvestmentReturnTxtBox()[pri:19, instance:org.testing.TestScripts.RcUpdateDefalutCalculatorValueTestScript@6fd83fc1]" name="validatePreretirmentInvestmentReturnTxtBox" class="org.testing.TestScripts.RcUpdateDefalutCalculatorValueTestScript"/>
        <method signature="RcUpdateDefalutCalculatorValueTestScript.validateRetirementAge()[pri:3, instance:org.testing.TestScripts.RcUpdateDefalutCalculatorValueTestScript@6fd83fc1]" name="validateRetirementAge" class="org.testing.TestScripts.RcUpdateDefalutCalculatorValueTestScript"/>
        <method signature="RcUpdateDefalutCalculatorValueTestScript.validateRetirementDurationTextBox()[pri:16, instance:org.testing.TestScripts.RcUpdateDefalutCalculatorValueTestScript@6fd83fc1]" name="validateRetirementDurationTextBox" class="org.testing.TestScripts.RcUpdateDefalutCalculatorValueTestScript"/>
        <method signature="RcUpdateDefalutCalculatorValueTestScript.validateRetirmentIncomeAnnual()[pri:18, instance:org.testing.TestScripts.RcUpdateDefalutCalculatorValueTestScript@6fd83fc1]" name="validateRetirmentIncomeAnnual" class="org.testing.TestScripts.RcUpdateDefalutCalculatorValueTestScript"/>
        <method signature="RcUpdateDefalutCalculatorValueTestScript.validateSaveChangesButton()[pri:21, instance:org.testing.TestScripts.RcUpdateDefalutCalculatorValueTestScript@6fd83fc1]" name="validateSaveChangesButton" class="org.testing.TestScripts.RcUpdateDefalutCalculatorValueTestScript"/>
        <method signature="RcUpdateDefalutCalculatorValueTestScript.validateSecurianLogoIsDisplayed()[pri:0, instance:org.testing.TestScripts.RcUpdateDefalutCalculatorValueTestScript@6fd83fc1]" name="validateSecurianLogoIsDisplayed" class="org.testing.TestScripts.RcUpdateDefalutCalculatorValueTestScript"/>
        <method signature="RcUpdateDefalutCalculatorValueTestScript.validateSocialSecurityOverrideTxtBox()[pri:11, instance:org.testing.TestScripts.RcUpdateDefalutCalculatorValueTestScript@6fd83fc1]" name="validateSocialSecurityOverrideTxtBox" class="org.testing.TestScripts.RcUpdateDefalutCalculatorValueTestScript"/>
        <method signature="RcUpdateDefalutCalculatorValueTestScript.validateSocialSecurityYesButtonIsEnabled()[pri:9, instance:org.testing.TestScripts.RcUpdateDefalutCalculatorValueTestScript@6fd83fc1]" name="validateSocialSecurityYesButtonIsEnabled" class="org.testing.TestScripts.RcUpdateDefalutCalculatorValueTestScript"/>
        <method signature="RcUpdateDefalutCalculatorValueTestScript.validateSpouseIncome()[pri:5, instance:org.testing.TestScripts.RcUpdateDefalutCalculatorValueTestScript@6fd83fc1]" name="validateSpouseIncome" class="org.testing.TestScripts.RcUpdateDefalutCalculatorValueTestScript"/>
      </group> <!-- Functional -->
      <group name="smoke">
        <method signature="RcUpdateDefalutCalculatorValueTestScript.validateAdjustDefaultValue()[pri:14, instance:org.testing.TestScripts.RcUpdateDefalutCalculatorValueTestScript@6fd83fc1]" name="validateAdjustDefaultValue" class="org.testing.TestScripts.RcUpdateDefalutCalculatorValueTestScript"/>
        <method signature="RcUpdateDefalutCalculatorValueTestScript.validateCToSavingTxtBox()[pri:6, instance:org.testing.TestScripts.RcUpdateDefalutCalculatorValueTestScript@6fd83fc1]" name="validateCToSavingTxtBox" class="org.testing.TestScripts.RcUpdateDefalutCalculatorValueTestScript"/>
        <method signature="RcUpdateDefalutCalculatorValueTestScript.validateCalculateButton()[pri:22, instance:org.testing.TestScripts.RcUpdateDefalutCalculatorValueTestScript@6fd83fc1]" name="validateCalculateButton" class="org.testing.TestScripts.RcUpdateDefalutCalculatorValueTestScript"/>
        <method signature="RcUpdateDefalutCalculatorValueTestScript.validateCurrentAge()[pri:2, instance:org.testing.TestScripts.RcUpdateDefalutCalculatorValueTestScript@6fd83fc1]" name="validateCurrentAge" class="org.testing.TestScripts.RcUpdateDefalutCalculatorValueTestScript"/>
        <method signature="RcUpdateDefalutCalculatorValueTestScript.validateCurrentAgeInputBoxIsDisplayed()[pri:1, instance:org.testing.TestScripts.RcUpdateDefalutCalculatorValueTestScript@6fd83fc1]" name="validateCurrentAgeInputBoxIsDisplayed" class="org.testing.TestScripts.RcUpdateDefalutCalculatorValueTestScript"/>
        <method signature="RcUpdateDefalutCalculatorValueTestScript.validateCurrentIncome()[pri:4, instance:org.testing.TestScripts.RcUpdateDefalutCalculatorValueTestScript@6fd83fc1]" name="validateCurrentIncome" class="org.testing.TestScripts.RcUpdateDefalutCalculatorValueTestScript"/>
        <method signature="RcUpdateDefalutCalculatorValueTestScript.validateCurrentlySavingTxtBox()[pri:7, instance:org.testing.TestScripts.RcUpdateDefalutCalculatorValueTestScript@6fd83fc1]" name="validateCurrentlySavingTxtBox" class="org.testing.TestScripts.RcUpdateDefalutCalculatorValueTestScript"/>
        <method signature="RcUpdateDefalutCalculatorValueTestScript.validateIncreaseSavingRateTxtBox()[pri:8, instance:org.testing.TestScripts.RcUpdateDefalutCalculatorValueTestScript@6fd83fc1]" name="validateIncreaseSavingRateTxtBox" class="org.testing.TestScripts.RcUpdateDefalutCalculatorValueTestScript"/>
        <method signature="RcUpdateDefalutCalculatorValueTestScript.validateMaritalStatusIsEnabled()[pri:10, instance:org.testing.TestScripts.RcUpdateDefalutCalculatorValueTestScript@6fd83fc1]" name="validateMaritalStatusIsEnabled" class="org.testing.TestScripts.RcUpdateDefalutCalculatorValueTestScript"/>
        <method signature="RcUpdateDefalutCalculatorValueTestScript.validateOtherIncomeTxtBox()[pri:15, instance:org.testing.TestScripts.RcUpdateDefalutCalculatorValueTestScript@6fd83fc1]" name="validateOtherIncomeTxtBox" class="org.testing.TestScripts.RcUpdateDefalutCalculatorValueTestScript"/>
        <method signature="RcUpdateDefalutCalculatorValueTestScript.validatePageTitleTest()[pri:13, instance:org.testing.TestScripts.RcUpdateDefalutCalculatorValueTestScript@6fd83fc1]" name="validatePageTitleTest" class="org.testing.TestScripts.RcUpdateDefalutCalculatorValueTestScript"/>
        <method signature="RcUpdateDefalutCalculatorValueTestScript.validatePostRetirementInflationButton()[pri:17, instance:org.testing.TestScripts.RcUpdateDefalutCalculatorValueTestScript@6fd83fc1]" name="validatePostRetirementInflationButton" class="org.testing.TestScripts.RcUpdateDefalutCalculatorValueTestScript"/>
        <method signature="RcUpdateDefalutCalculatorValueTestScript.validatePostRetirmentInvestmentReturnTxtBox()[pri:20, instance:org.testing.TestScripts.RcUpdateDefalutCalculatorValueTestScript@6fd83fc1]" name="validatePostRetirmentInvestmentReturnTxtBox" class="org.testing.TestScripts.RcUpdateDefalutCalculatorValueTestScript"/>
        <method signature="RcUpdateDefalutCalculatorValueTestScript.validatePreretirmentInvestmentReturnTxtBox()[pri:19, instance:org.testing.TestScripts.RcUpdateDefalutCalculatorValueTestScript@6fd83fc1]" name="validatePreretirmentInvestmentReturnTxtBox" class="org.testing.TestScripts.RcUpdateDefalutCalculatorValueTestScript"/>
        <method signature="RcUpdateDefalutCalculatorValueTestScript.validateRetirementAge()[pri:3, instance:org.testing.TestScripts.RcUpdateDefalutCalculatorValueTestScript@6fd83fc1]" name="validateRetirementAge" class="org.testing.TestScripts.RcUpdateDefalutCalculatorValueTestScript"/>
        <method signature="RcUpdateDefalutCalculatorValueTestScript.validateRetirementDurationTextBox()[pri:16, instance:org.testing.TestScripts.RcUpdateDefalutCalculatorValueTestScript@6fd83fc1]" name="validateRetirementDurationTextBox" class="org.testing.TestScripts.RcUpdateDefalutCalculatorValueTestScript"/>
        <method signature="RcUpdateDefalutCalculatorValueTestScript.validateRetirmentIncomeAnnual()[pri:18, instance:org.testing.TestScripts.RcUpdateDefalutCalculatorValueTestScript@6fd83fc1]" name="validateRetirmentIncomeAnnual" class="org.testing.TestScripts.RcUpdateDefalutCalculatorValueTestScript"/>
        <method signature="RcUpdateDefalutCalculatorValueTestScript.validateSaveChangesButton()[pri:21, instance:org.testing.TestScripts.RcUpdateDefalutCalculatorValueTestScript@6fd83fc1]" name="validateSaveChangesButton" class="org.testing.TestScripts.RcUpdateDefalutCalculatorValueTestScript"/>
        <method signature="RcUpdateDefalutCalculatorValueTestScript.validateSecurianLogoIsDisplayed()[pri:0, instance:org.testing.TestScripts.RcUpdateDefalutCalculatorValueTestScript@6fd83fc1]" name="validateSecurianLogoIsDisplayed" class="org.testing.TestScripts.RcUpdateDefalutCalculatorValueTestScript"/>
        <method signature="RcUpdateDefalutCalculatorValueTestScript.validateSocialSecurityOverrideTxtBox()[pri:11, instance:org.testing.TestScripts.RcUpdateDefalutCalculatorValueTestScript@6fd83fc1]" name="validateSocialSecurityOverrideTxtBox" class="org.testing.TestScripts.RcUpdateDefalutCalculatorValueTestScript"/>
        <method signature="RcUpdateDefalutCalculatorValueTestScript.validateSocialSecurityYesButtonIsEnabled()[pri:9, instance:org.testing.TestScripts.RcUpdateDefalutCalculatorValueTestScript@6fd83fc1]" name="validateSocialSecurityYesButtonIsEnabled" class="org.testing.TestScripts.RcUpdateDefalutCalculatorValueTestScript"/>
        <method signature="RcUpdateDefalutCalculatorValueTestScript.validateSpouseIncome()[pri:5, instance:org.testing.TestScripts.RcUpdateDefalutCalculatorValueTestScript@6fd83fc1]" name="validateSpouseIncome" class="org.testing.TestScripts.RcUpdateDefalutCalculatorValueTestScript"/>
      </group> <!-- smoke -->
    </groups>
    <test started-at="2023-01-23T16:05:20 IST" name="Default test" finished-at="2023-01-23T16:06:01 IST" duration-ms="40831">
      <class name="org.testing.TestScripts.RcUpdateDefalutCalculatorValueTestScript">
        <test-method is-config="true" signature="preCondition()[pri:0, instance:org.testing.TestScripts.RcUpdateDefalutCalculatorValueTestScript@6fd83fc1]" started-at="2023-01-23T16:05:20 IST" name="preCondition" finished-at="2023-01-23T16:05:34 IST" duration-ms="13539" status="PASS">
          <reporter-output>
          </reporter-output>
        </test-method> <!-- preCondition -->
        <test-method signature="validateSecurianLogoIsDisplayed()[pri:0, instance:org.testing.TestScripts.RcUpdateDefalutCalculatorValueTestScript@6fd83fc1]" started-at="2023-01-23T16:05:34 IST" name="validateSecurianLogoIsDisplayed" finished-at="2023-01-23T16:05:34 IST" duration-ms="135" status="PASS">
          <reporter-output>
          </reporter-output>
        </test-method> <!-- validateSecurianLogoIsDisplayed -->
        <test-method signature="validateCurrentAgeInputBoxIsDisplayed()[pri:1, instance:org.testing.TestScripts.RcUpdateDefalutCalculatorValueTestScript@6fd83fc1]" started-at="2023-01-23T16:05:34 IST" name="validateCurrentAgeInputBoxIsDisplayed" finished-at="2023-01-23T16:05:34 IST" duration-ms="41" status="PASS">
          <reporter-output>
          </reporter-output>
        </test-method> <!-- validateCurrentAgeInputBoxIsDisplayed -->
        <test-method signature="validateCurrentAge()[pri:2, instance:org.testing.TestScripts.RcUpdateDefalutCalculatorValueTestScript@6fd83fc1]" started-at="2023-01-23T16:05:34 IST" name="validateCurrentAge" finished-at="2023-01-23T16:05:34 IST" duration-ms="247" status="PASS">
          <reporter-output>
          </reporter-output>
        </test-method> <!-- validateCurrentAge -->
        <test-method signature="validateRetirementAge()[pri:3, instance:org.testing.TestScripts.RcUpdateDefalutCalculatorValueTestScript@6fd83fc1]" started-at="2023-01-23T16:05:34 IST" name="validateRetirementAge" finished-at="2023-01-23T16:05:34 IST" duration-ms="297" status="PASS">
          <reporter-output>
          </reporter-output>
        </test-method> <!-- validateRetirementAge -->
        <test-method signature="validateCurrentIncome()[pri:4, instance:org.testing.TestScripts.RcUpdateDefalutCalculatorValueTestScript@6fd83fc1]" started-at="2023-01-23T16:05:34 IST" name="validateCurrentIncome" finished-at="2023-01-23T16:05:35 IST" duration-ms="195" status="PASS">
          <reporter-output>
          </reporter-output>
        </test-method> <!-- validateCurrentIncome -->
        <test-method signature="validateSpouseIncome()[pri:5, instance:org.testing.TestScripts.RcUpdateDefalutCalculatorValueTestScript@6fd83fc1]" started-at="2023-01-23T16:05:35 IST" name="validateSpouseIncome" finished-at="2023-01-23T16:05:35 IST" duration-ms="163" status="PASS">
          <reporter-output>
          </reporter-output>
        </test-method> <!-- validateSpouseIncome -->
        <test-method signature="validateCToSavingTxtBox()[pri:6, instance:org.testing.TestScripts.RcUpdateDefalutCalculatorValueTestScript@6fd83fc1]" started-at="2023-01-23T16:05:35 IST" name="validateCToSavingTxtBox" finished-at="2023-01-23T16:05:35 IST" duration-ms="162" status="PASS">
          <reporter-output>
          </reporter-output>
        </test-method> <!-- validateCToSavingTxtBox -->
        <test-method signature="validateCurrentlySavingTxtBox()[pri:7, instance:org.testing.TestScripts.RcUpdateDefalutCalculatorValueTestScript@6fd83fc1]" started-at="2023-01-23T16:05:35 IST" name="validateCurrentlySavingTxtBox" finished-at="2023-01-23T16:05:35 IST" duration-ms="120" status="PASS">
          <reporter-output>
          </reporter-output>
        </test-method> <!-- validateCurrentlySavingTxtBox -->
        <test-method signature="validateIncreaseSavingRateTxtBox()[pri:8, instance:org.testing.TestScripts.RcUpdateDefalutCalculatorValueTestScript@6fd83fc1]" started-at="2023-01-23T16:05:35 IST" name="validateIncreaseSavingRateTxtBox" finished-at="2023-01-23T16:05:35 IST" duration-ms="120" status="PASS">
          <reporter-output>
          </reporter-output>
        </test-method> <!-- validateIncreaseSavingRateTxtBox -->
        <test-method signature="validateSocialSecurityYesButtonIsEnabled()[pri:9, instance:org.testing.TestScripts.RcUpdateDefalutCalculatorValueTestScript@6fd83fc1]" started-at="2023-01-23T16:05:35 IST" name="validateSocialSecurityYesButtonIsEnabled" finished-at="2023-01-23T16:05:38 IST" duration-ms="2348" status="PASS">
          <reporter-output>
          </reporter-output>
        </test-method> <!-- validateSocialSecurityYesButtonIsEnabled -->
        <test-method signature="validateMaritalStatusIsEnabled()[pri:10, instance:org.testing.TestScripts.RcUpdateDefalutCalculatorValueTestScript@6fd83fc1]" started-at="2023-01-23T16:05:38 IST" name="validateMaritalStatusIsEnabled" finished-at="2023-01-23T16:05:42 IST" duration-ms="4114" status="PASS">
          <reporter-output>
          </reporter-output>
        </test-method> <!-- validateMaritalStatusIsEnabled -->
        <test-method signature="validateSocialSecurityOverrideTxtBox()[pri:11, instance:org.testing.TestScripts.RcUpdateDefalutCalculatorValueTestScript@6fd83fc1]" started-at="2023-01-23T16:05:42 IST" name="validateSocialSecurityOverrideTxtBox" finished-at="2023-01-23T16:05:42 IST" duration-ms="123" status="PASS">
          <reporter-output>
          </reporter-output>
        </test-method> <!-- validateSocialSecurityOverrideTxtBox -->
        <test-method signature="validatePageTitleTest()[pri:13, instance:org.testing.TestScripts.RcUpdateDefalutCalculatorValueTestScript@6fd83fc1]" started-at="2023-01-23T16:05:42 IST" name="validatePageTitleTest" finished-at="2023-01-23T16:05:42 IST" duration-ms="7" status="PASS">
          <reporter-output>
          </reporter-output>
        </test-method> <!-- validatePageTitleTest -->
        <test-method signature="validateAdjustDefaultValue()[pri:14, instance:org.testing.TestScripts.RcUpdateDefalutCalculatorValueTestScript@6fd83fc1]" started-at="2023-01-23T16:05:42 IST" name="validateAdjustDefaultValue" finished-at="2023-01-23T16:05:44 IST" duration-ms="2102" status="PASS">
          <reporter-output>
          </reporter-output>
        </test-method> <!-- validateAdjustDefaultValue -->
        <test-method signature="validateOtherIncomeTxtBox()[pri:15, instance:org.testing.TestScripts.RcUpdateDefalutCalculatorValueTestScript@6fd83fc1]" started-at="2023-01-23T16:05:44 IST" name="validateOtherIncomeTxtBox" finished-at="2023-01-23T16:05:44 IST" duration-ms="159" status="PASS">
          <reporter-output>
          </reporter-output>
        </test-method> <!-- validateOtherIncomeTxtBox -->
        <test-method signature="validateRetirementDurationTextBox()[pri:16, instance:org.testing.TestScripts.RcUpdateDefalutCalculatorValueTestScript@6fd83fc1]" started-at="2023-01-23T16:05:44 IST" name="validateRetirementDurationTextBox" finished-at="2023-01-23T16:05:44 IST" duration-ms="149" status="PASS">
          <reporter-output>
          </reporter-output>
        </test-method> <!-- validateRetirementDurationTextBox -->
        <test-method signature="validatePostRetirementInflationButton()[pri:17, instance:org.testing.TestScripts.RcUpdateDefalutCalculatorValueTestScript@6fd83fc1]" started-at="2023-01-23T16:05:44 IST" name="validatePostRetirementInflationButton" finished-at="2023-01-23T16:05:46 IST" duration-ms="2155" status="PASS">
          <reporter-output>
          </reporter-output>
        </test-method> <!-- validatePostRetirementInflationButton -->
        <test-method signature="validateRetirmentIncomeAnnual()[pri:18, instance:org.testing.TestScripts.RcUpdateDefalutCalculatorValueTestScript@6fd83fc1]" started-at="2023-01-23T16:05:46 IST" name="validateRetirmentIncomeAnnual" finished-at="2023-01-23T16:05:47 IST" duration-ms="182" status="PASS">
          <reporter-output>
          </reporter-output>
        </test-method> <!-- validateRetirmentIncomeAnnual -->
        <test-method signature="validatePreretirmentInvestmentReturnTxtBox()[pri:19, instance:org.testing.TestScripts.RcUpdateDefalutCalculatorValueTestScript@6fd83fc1]" started-at="2023-01-23T16:05:47 IST" name="validatePreretirmentInvestmentReturnTxtBox" finished-at="2023-01-23T16:05:47 IST" duration-ms="149" status="PASS">
          <reporter-output>
          </reporter-output>
        </test-method> <!-- validatePreretirmentInvestmentReturnTxtBox -->
        <test-method signature="validatePostRetirmentInvestmentReturnTxtBox()[pri:20, instance:org.testing.TestScripts.RcUpdateDefalutCalculatorValueTestScript@6fd83fc1]" started-at="2023-01-23T16:05:47 IST" name="validatePostRetirmentInvestmentReturnTxtBox" finished-at="2023-01-23T16:05:47 IST" duration-ms="144" status="PASS">
          <reporter-output>
          </reporter-output>
        </test-method> <!-- validatePostRetirmentInvestmentReturnTxtBox -->
        <test-method signature="validateSaveChangesButton()[pri:21, instance:org.testing.TestScripts.RcUpdateDefalutCalculatorValueTestScript@6fd83fc1]" started-at="2023-01-23T16:05:47 IST" name="validateSaveChangesButton" finished-at="2023-01-23T16:05:49 IST" duration-ms="2097" status="PASS">
          <reporter-output>
          </reporter-output>
        </test-method> <!-- validateSaveChangesButton -->
        <test-method signature="validateCalculateButton()[pri:22, instance:org.testing.TestScripts.RcUpdateDefalutCalculatorValueTestScript@6fd83fc1]" started-at="2023-01-23T16:05:49 IST" name="validateCalculateButton" finished-at="2023-01-23T16:05:51 IST" duration-ms="2131" status="PASS">
          <reporter-output>
          </reporter-output>
        </test-method> <!-- validateCalculateButton -->
        <test-method is-config="true" signature="postCondition()[pri:0, instance:org.testing.TestScripts.RcUpdateDefalutCalculatorValueTestScript@6fd83fc1]" started-at="2023-01-23T16:05:51 IST" name="postCondition" finished-at="2023-01-23T16:06:01 IST" duration-ms="9874" status="PASS">
          <reporter-output>
          </reporter-output>
        </test-method> <!-- postCondition -->
      </class> <!-- org.testing.TestScripts.RcUpdateDefalutCalculatorValueTestScript -->
    </test> <!-- Default test -->
  </suite> <!-- Default suite -->
</testng-results>
